::1 - - [23/Jan/2023:07:04:38 +0000] "GET /moralis/nft/transfers?address=0x95271d54d6e0d88b3825f89a766f97b8b7e8af82&tokenId=19127&chain=eth HTTP/1.1" 500 1329 "-" "PostmanRuntime/7.30.0"
::1 - - [23/Jan/2023:07:04:57 +0000] "GET /moralis/nft/transfers?address=0x95271d54d6e0d88b3825f89a766f97b8b7e8af82&tokenId=19127&chain=eth HTTP/1.1" 500 1316 "-" "PostmanRuntime/7.30.0"
::1 - - [23/Jan/2023:07:05:36 +0000] "GET /moralis/nft/transfers?address=0x95271d54d6e0d88b3825f89a766f97b8b7e8af82&tokenId=19127&chain=eth HTTP/1.1" 500 1329 "-" "PostmanRuntime/7.30.0"
::1 - - [23/Jan/2023:07:07:44 +0000] "GET /moralis/nft/transfers?address=0x95271d54d6e0d88b3825f89a766f97b8b7e8af82&tokenId=19127&chain=eth HTTP/1.1" 500 1947 "-" "PostmanRuntime/7.30.0"
::1 - - [23/Jan/2023:07:07:56 +0000] "GET /moralis/nft/transfers?address=0x95271d54d6e0d88b3825f89a766f97b8b7e8af82&tokenId=19127&chain=ethereum HTTP/1.1" 500 1337 "-" "PostmanRuntime/7.30.0"
::1 - - [23/Jan/2023:07:08:35 +0000] "GET /moralis/nft/transfers?address=0x95271d54d6e0d88b3825f89a766f97b8b7e8af82&tokenId=19127&chain=ethereum HTTP/1.1" 500 1947 "-" "PostmanRuntime/7.30.0"
::1 - - [23/Jan/2023:07:11:08 +0000] "GET /moralis/nft/transfers?address=0xb47e3cd837dDF8e4c57F05d70Ab865de6e193BBB&tokenId=1&chain=eth HTTP/1.1" 500 1337 "-" "PostmanRuntime/7.30.0"
::1 - - [23/Jan/2023:07:11:28 +0000] "GET /moralis/nft/transfers?address=0xb47e3cd837dDF8e4c57F05d70Ab865de6e193BBB&tokenId=1&chain=eth HTTP/1.1" 500 1316 "-" "PostmanRuntime/7.30.0"
::1 - - [23/Jan/2023:07:12:24 +0000] "GET /moralis/nft/transfers?address=0xb47e3cd837dDF8e4c57F05d70Ab865de6e193BBB&tokenId=1&chain=eth HTTP/1.1" 500 1947 "-" "PostmanRuntime/7.30.0"
::1 - - [23/Jan/2023:07:12:39 +0000] "GET /Users/ali.houshy/Documents/Sources-Tapco/web3-storage/node_modules/@moralisweb3/common-evm-utils/lib/dataTypes/EvmChain/EvmChainParser.js:28:23)/n HTTP/1.1" 404 1255 "-" "PostmanRuntime/7.30.0"
::1 - - [23/Jan/2023:07:16:05 +0000] "GET /moralis/nft/transfers?address=0x3B3ee1931Dc30C1957379FAc9aba94D1C48a5405&tokenId=19127&chain=0x1 HTTP/1.1" 200 1841 "-" "PostmanRuntime/7.30.0"
::1 - - [23/Jan/2023:07:40:38 +0000] "GET /moralis/nft/transfers?address=0x3B3ee1931Dc30C1957379FAc9aba94D1C48a5405&tokenId=19127&chain=0x1 HTTP/1.1" 500 390 "-" "PostmanRuntime/7.30.0"
::1 - - [23/Jan/2023:07:40:45 +0000] "GET /moralis/nft/transfers?address=0x3B3ee1931Dc30C1957379FAc9aba94D1C48a5405&tokenId=19127&chain=0x1 HTTP/1.1" 200 1841 "-" "PostmanRuntime/7.30.0"
::1 - - [23/Jan/2023:07:40:47 +0000] "GET /moralis/nft/transfers?address=0x3B3ee1931Dc30C1957379FAc9aba94D1C48a5405&tokenId=19127&chain=0x1 HTTP/1.1" 500 1337 "-" "PostmanRuntime/7.30.0"
::1 - - [23/Jan/2023:07:40:50 +0000] "GET /moralis/nft/transfers?address=0x3B3ee1931Dc30C1957379FAc9aba94D1C48a5405&tokenId=19127&chain=0x1 HTTP/1.1" 500 1337 "-" "PostmanRuntime/7.30.0"
::1 - - [23/Jan/2023:07:41:02 +0000] "GET /moralis/nft/transfers?address=0x3B3ee1931Dc30C1957379FAc9aba94D1C48a5405&tokenId=19127&chain=0x1 HTTP/1.1" 200 1841 "-" "PostmanRuntime/7.30.0"
::1 - - [23/Jan/2023:07:41:03 +0000] "GET /moralis/nft/transfers?address=0x3B3ee1931Dc30C1957379FAc9aba94D1C48a5405&tokenId=19127&chain=0x1 HTTP/1.1" 500 1337 "-" "PostmanRuntime/7.30.0"
::1 - - [23/Jan/2023:07:41:04 +0000] "GET /moralis/nft/transfers?address=0x3B3ee1931Dc30C1957379FAc9aba94D1C48a5405&tokenId=19127&chain=0x1 HTTP/1.1" 500 1337 "-" "PostmanRuntime/7.30.0"
::1 - - [23/Jan/2023:07:49:14 +0000] "GET /moralis/nft/transfers?address=0x3B3ee1931Dc30C1957379FAc9aba94D1C48a5405&tokenId=19127&chain=0x1 HTTP/1.1" 200 1841 "-" "PostmanRuntime/7.30.0"
::1 - - [23/Jan/2023:07:49:18 +0000] "GET /moralis/nft/transfers?address=0x3B3ee1931Dc30C1957379FAc9aba94D1C48a5405&tokenId=19127&chain=0x1 HTTP/1.1" 200 1841 "-" "PostmanRuntime/7.30.0"
::1 - - [23/Jan/2023:07:49:19 +0000] "GET /moralis/nft/transfers?address=0x3B3ee1931Dc30C1957379FAc9aba94D1C48a5405&tokenId=19127&chain=0x1 HTTP/1.1" 200 1841 "-" "PostmanRuntime/7.30.0"
::1 - - [23/Jan/2023:07:49:20 +0000] "GET /moralis/nft/transfers?address=0x3B3ee1931Dc30C1957379FAc9aba94D1C48a5405&tokenId=19127&chain=0x1 HTTP/1.1" 200 1841 "-" "PostmanRuntime/7.30.0"
